exp001-n50-k08-d180-bs60-f1.000-r00:000000.008: ==========================Instance==========================
exp001-n50-k08-d180-bs60-f1.000-r00:000000.008: # of equations: 180
exp001-n50-k08-d180-bs60-f1.000-r00:000000.008: Gap: 165.75
exp001-n50-k08-d180-bs60-f1.000-r00:000000.009: Tau: 8416.46
exp001-n50-k08-d180-bs60-f1.000-r00:000000.009: ======================BKZ-60 reduction======================
exp001-n50-k08-d180-bs60-f1.000-r00:000000.012: Expectedly achievable log(norm): 60.62
exp001-n50-k08-d180-bs60-f1.000-r00:000000.019: log(exp-norms): [50.0, 51.96, 59.33]
exp001-n50-k08-d180-bs60-f1.000-r00:000000.019: log(norms):     [60.96, 52.75, 58.0, 58.0, 58.0, 58.0, 58.0, 58.0, 58.0, 58.0]
exp001-n50-k08-d180-bs60-f1.000-r00:000000.115: Loop 1/100
exp001-n50-k08-d180-bs60-f1.000-r00:000048.603: log(exp-norms): [50.0, 51.96, 59.33]
exp001-n50-k08-d180-bs60-f1.000-r00:000048.603: log(norms):     [50.0, 51.87, 52.75, 57.98, 57.98, 57.99, 57.98, 57.98, 57.99, 57.99]
exp001-n50-k08-d180-bs60-f1.000-r00:000048.604: (49 sec)
exp001-n50-k08-d180-bs60-f1.000-r00:000048.604: ==========================Summary===========================
exp001-n50-k08-d180-bs60-f1.000-r00:000048.604: Total time: 49sec
exp001-n50-k08-d180-bs60-f1.000-r00:000048.604: SUCCESS
exp001-n50-k08-d180-bs60-f1.000-r00:000048.605: HNP solution: 1024
exp001-n50-k08-d180-bs60-f1.000-r00:000048.605: Shared secret: 1024
exp001-n50-k08-d180-bs60-f1.000-r00:000048.605: SUMMARY:n:50:k:8:d:180:bs:60:t:49:r:True
exp001-n50-k08-d180-bs60-f1.000-r00:000000.010: ==========================Instance==========================
exp001-n50-k08-d180-bs60-f1.000-r00:000000.010: # of equations: 180
exp001-n50-k08-d180-bs60-f1.000-r00:000000.010: Gap: 165.75
exp001-n50-k08-d180-bs60-f1.000-r00:000000.010: Tau: 8416.46
exp001-n50-k08-d180-bs60-f1.000-r00:000000.010: ======================BKZ-60 reduction======================
exp001-n50-k08-d180-bs60-f1.000-r00:000000.014: Expectedly achievable log(norm): 60.62
exp001-n50-k08-d180-bs60-f1.000-r00:000000.020: log(exp-norms): [50.0, 51.96, 59.33]
exp001-n50-k08-d180-bs60-f1.000-r00:000000.020: log(norms):     [60.98, 52.75, 58.0, 58.0, 58.0, 58.0, 58.0, 58.0, 58.0, 58.0]
exp001-n50-k08-d180-bs60-f1.000-r00:000000.105: Loop 1/100
