exp001-n20-k08-d180-bs60-f1.000-r00:000000.009: ==========================Instance==========================
exp001-n20-k08-d180-bs60-f1.000-r00:000000.009: # of equations: 180
exp001-n20-k08-d180-bs60-f1.000-r00:000000.009: Gap: 185.82
exp001-n20-k08-d180-bs60-f1.000-r00:000000.009: Tau: 10577.18
exp001-n20-k08-d180-bs60-f1.000-r00:000000.009: ======================BKZ-60 reduction======================
exp001-n20-k08-d180-bs60-f1.000-r00:000000.012: Expectedly achievable log(norm): 30.78
exp001-n20-k08-d180-bs60-f1.000-r00:000000.018: log(exp-norms): [20.0, 21.96, 29.5]
exp001-n20-k08-d180-bs60-f1.000-r00:000000.018: log(norms):     [30.99, 22.75, 28.0, 28.0, 28.0, 28.0, 28.0, 28.0, 28.0, 28.0]
exp001-n20-k08-d180-bs60-f1.000-r00:000000.106: Loop 1/100
exp001-n20-k08-d180-bs60-f1.000-r00:000000.009: ==========================Instance==========================
exp001-n20-k08-d180-bs60-f1.000-r00:000000.009: # of equations: 180
exp001-n20-k08-d180-bs60-f1.000-r00:000000.010: Gap: 185.82
exp001-n20-k08-d180-bs60-f1.000-r00:000000.010: Tau: 10577.18
exp001-n20-k08-d180-bs60-f1.000-r00:000000.010: ======================BKZ-60 reduction======================
exp001-n20-k08-d180-bs60-f1.000-r00:000000.013: Expectedly achievable log(norm): 30.78
exp001-n20-k08-d180-bs60-f1.000-r00:000000.019: log(exp-norms): [20.0, 21.96, 29.5]
exp001-n20-k08-d180-bs60-f1.000-r00:000000.019: log(norms):     [30.97, 22.75, 28.0, 28.0, 28.0, 28.0, 28.0, 28.0, 28.0, 28.0]
exp001-n20-k08-d180-bs60-f1.000-r00:000000.112: Loop 1/100
exp001-n20-k08-d180-bs60-f1.000-r00:000000.009: ==========================Instance==========================
exp001-n20-k08-d180-bs60-f1.000-r00:000000.009: # of equations: 180
exp001-n20-k08-d180-bs60-f1.000-r00:000000.009: Gap: 185.82
exp001-n20-k08-d180-bs60-f1.000-r00:000000.009: Tau: 10577.18
exp001-n20-k08-d180-bs60-f1.000-r00:000000.010: ======================BKZ-60 reduction======================
exp001-n20-k08-d180-bs60-f1.000-r00:000000.013: Expectedly achievable log(norm): 30.78
exp001-n20-k08-d180-bs60-f1.000-r00:000000.018: log(exp-norms): [20.0, 21.96, 29.5]
exp001-n20-k08-d180-bs60-f1.000-r00:000000.018: log(norms):     [30.97, 22.75, 28.0, 28.0, 28.0, 28.0, 28.0, 28.0, 28.0, 28.0]
exp001-n20-k08-d180-bs60-f1.000-r00:000000.114: Loop 1/100
exp001-n20-k08-d180-bs60-f1.000-r00:000012.894: log(exp-norms): [20.0, 21.96, 29.5]
exp001-n20-k08-d180-bs60-f1.000-r00:000012.894: log(norms):     [20.0, 22.05, 22.75, 27.99, 27.99, 27.98, 27.98, 27.99, 27.99, 27.99]
exp001-n20-k08-d180-bs60-f1.000-r00:000012.896: (13 sec)
exp001-n20-k08-d180-bs60-f1.000-r00:000012.896: ==========================Summary===========================
exp001-n20-k08-d180-bs60-f1.000-r00:000012.896: Total time: 13sec
exp001-n20-k08-d180-bs60-f1.000-r00:000012.896: SUCCESS
exp001-n20-k08-d180-bs60-f1.000-r00:000012.896: HNP solution: 461948
exp001-n20-k08-d180-bs60-f1.000-r00:000012.896: Shared secret: 461948
exp001-n20-k08-d180-bs60-f1.000-r00:000012.896: SUMMARY:n:20:k:8:d:180:bs:60:t:13:r:True
